<?xml version="1.0" encoding="UTF-8"?>
<testng-results skipped="0" failed="0" ignored="0" total="1" passed="1">
  <reporter-output>
  </reporter-output>
  <suite name="Default suite" duration-ms="28315" started-at="2021-03-09T12:32:45Z" finished-at="2021-03-09T12:33:14Z">
    <groups>
    </groups>
    <test name="Default test" duration-ms="28315" started-at="2021-03-09T12:32:45Z" finished-at="2021-03-09T12:33:14Z">
      <class name="com.crm.zohocrm.testscripts.TC001">
        <test-method status="PASS" signature="openApp(java.lang.String, java.lang.String, java.lang.String, java.lang.String)[pri:0, instance:com.crm.zohocrm.testscripts.TC001@20398b7c]" name="openApp" is-config="true" duration-ms="8213" started-at="2021-03-09T12:32:45Z" finished-at="2021-03-09T12:32:53Z">
          <params>
            <param index="0">
              <value>
                <![CDATA[chrome]]>
              </value>
            </param>
            <param index="1">
              <value>
                <![CDATA[http://14.99.190.22:7777/]]>
              </value>
            </param>
            <param index="2">
              <value>
                <![CDATA[20]]>
              </value>
            </param>
            <param index="3">
              <value>
                <![CDATA[20]]>
              </value>
            </param>
          </params>
          <reporter-output>
          </reporter-output>
        </test-method> <!-- openApp -->
        <test-method status="PASS" signature="loginToApp(java.lang.String, java.lang.String)[pri:0, instance:com.crm.zohocrm.testscripts.TC001@20398b7c]" name="loginToApp" is-config="true" duration-ms="7553" started-at="2021-03-09T12:32:53Z" finished-at="2021-03-09T12:33:01Z">
          <params>
            <param index="0">
              <value>
                <![CDATA[rashmi@dell.com]]>
              </value>
            </param>
            <param index="1">
              <value>
                <![CDATA[123456]]>
              </value>
            </param>
          </params>
          <reporter-output>
          </reporter-output>
        </test-method> <!-- loginToApp -->
        <test-method status="PASS" signature="testCampaignIsDisplayed()[pri:0, instance:com.crm.zohocrm.testscripts.TC001@20398b7c]" name="testCampaignIsDisplayed" duration-ms="10025" started-at="2021-03-09T12:33:01Z" description="To Create A Campain and Verify in Campaign Details Page" finished-at="2021-03-09T12:33:11Z">
          <reporter-output>
          </reporter-output>
        </test-method> <!-- testCampaignIsDisplayed -->
        <test-method status="PASS" signature="deleteCampaign()[pri:0, instance:com.crm.zohocrm.testscripts.TC001@20398b7c]" name="deleteCampaign" is-config="true" duration-ms="767" started-at="2021-03-09T12:33:11Z" finished-at="2021-03-09T12:33:12Z">
          <reporter-output>
          </reporter-output>
        </test-method> <!-- deleteCampaign -->
        <test-method status="PASS" signature="logoutFromApp(org.testng.ITestResult)[pri:0, instance:com.crm.zohocrm.testscripts.TC001@20398b7c]" name="logoutFromApp" is-config="true" duration-ms="1000" started-at="2021-03-09T12:33:12Z" finished-at="2021-03-09T12:33:13Z">
          <params>
            <param index="0">
              <value>
                <![CDATA[[TestResult name=testCampaignIsDisplayed status=SUCCESS method=TC001.testCampaignIsDisplayed()[pri:0, instance:com.crm.zohocrm.testscripts.TC001@20398b7c] output={null}]]]>
              </value>
            </param>
          </params>
          <reporter-output>
          </reporter-output>
        </test-method> <!-- logoutFromApp -->
        <test-method status="PASS" signature="closeApp()[pri:0, instance:com.crm.zohocrm.testscripts.TC001@20398b7c]" name="closeApp" is-config="true" duration-ms="719" started-at="2021-03-09T12:33:13Z" finished-at="2021-03-09T12:33:14Z">
          <reporter-output>
          </reporter-output>
        </test-method> <!-- closeApp -->
      </class> <!-- com.crm.zohocrm.testscripts.TC001 -->
    </test> <!-- Default test -->
  </suite> <!-- Default suite -->
</testng-results>
